<?xml version="1.0" encoding="UTF-8"?>
<testng-results skipped="0" failed="0" ignored="0" total="1" passed="1">
  <reporter-output>
  </reporter-output>
  <suite name="Surefire suite" duration-ms="21149" started-at="2018-03-05T10:48:06Z" finished-at="2018-03-05T10:48:27Z">
    <groups>
    </groups>
    <test name="Surefire test" duration-ms="21149" started-at="2018-03-05T10:48:06Z" finished-at="2018-03-05T10:48:27Z">
      <class name="test.TestCheckFilter">
        <test-method status="PASS" signature="setUp()[pri:0, instance:test.TestCheckFilter@23fb172e]" name="setUp" is-config="true" duration-ms="4612" started-at="2018-03-05T13:48:06Z" finished-at="2018-03-05T13:48:10Z">
          <reporter-output>
          </reporter-output>
        </test-method> <!-- setUp -->
        <test-method status="PASS" signature="TestCheckFilter()[pri:0, instance:test.TestCheckFilter@23fb172e]" name="TestCheckFilter" duration-ms="14719" started-at="2018-03-05T13:48:10Z" finished-at="2018-03-05T13:48:25Z">
          <reporter-output>
          </reporter-output>
        </test-method> <!-- TestCheckFilter -->
        <test-method status="PASS" signature="tearsDown()[pri:0, instance:test.TestCheckFilter@23fb172e]" name="tearsDown" is-config="true" duration-ms="1556" started-at="2018-03-05T13:48:25Z" finished-at="2018-03-05T13:48:27Z">
          <reporter-output>
          </reporter-output>
        </test-method> <!-- tearsDown -->
      </class> <!-- test.TestCheckFilter -->
    </test> <!-- Surefire test -->
  </suite> <!-- Surefire suite -->
</testng-results>
